GROUP,PACKAGE,CLASS,INSTRUCTION_MISSED,INSTRUCTION_COVERED,BRANCH_MISSED,BRANCH_COVERED,LINE_MISSED,LINE_COVERED,COMPLEXITY_MISSED,COMPLEXITY_COVERED,METHOD_MISSED,METHOD_COVERED
PersonalMedicalHistory,PersonalMedicalHistory.Model,DataSource,10,31,1,3,3,12,2,3,1,2
PersonalMedicalHistory,PersonalMedicalHistory.Model,MedicalVisit,3,49,0,0,1,21,1,14,1,14
PersonalMedicalHistory,PersonalMedicalHistory.Model,Person,3,35,0,0,1,15,1,10,1,10
PersonalMedicalHistory,PersonalMedicalHistory.Model,PersonDao,10,133,0,4,4,36,0,7,0,5
PersonalMedicalHistory,PersonalMedicalHistory.Model,MedicalVisitDao,26,126,8,8,7,35,8,7,1,6
